  [4;36;1mSQL (0.2ms)[0m   [0;1m SELECT name
 FROM sqlite_master
 WHERE type = 'table' AND NOT name = 'sqlite_sequence'
[0m
  [4;35;1mSQL (0.1ms)[0m   [0mselect sqlite_version(*)[0m
  [4;36;1mSQL (1.0ms)[0m   [0;1mCREATE TABLE "schema_migrations" ("version" varchar(255) NOT NULL) [0m
  [4;35;1mSQL (0.1ms)[0m   [0mPRAGMA index_list("schema_migrations")[0m
  [4;36;1mSQL (1.1ms)[0m   [0;1mCREATE UNIQUE INDEX "unique_schema_migrations" ON "schema_migrations" ("version")[0m
  [4;35;1mSQL (0.1ms)[0m   [0m SELECT name
 FROM sqlite_master
 WHERE type = 'table' AND NOT name = 'sqlite_sequence'
[0m
  [4;36;1mSQL (0.1ms)[0m   [0;1mSELECT version FROM schema_migrations[0m
Migrating to CreateUsers (20120203153032)
  [4;35;1mSQL (0.1ms)[0m   [0m SELECT name
 FROM sqlite_master
 WHERE type = 'table' AND NOT name = 'sqlite_sequence'
[0m
  [4;36;1mSQL (0.3ms)[0m   [0;1mCREATE TABLE "users" ("id" INTEGER PRIMARY KEY AUTOINCREMENT NOT NULL, "login" varchar(40), "name" varchar(100) DEFAULT '', "email" varchar(100), "crypted_password" varchar(40), "salt" varchar(40), "created_at" datetime, "updated_at" datetime, "remember_token" varchar(40), "remember_token_expires_at" datetime, "admin" boolean DEFAULT 'f') [0m
  [4;35;1mSQL (0.0ms)[0m   [0mPRAGMA index_list("users")[0m
  [4;36;1mSQL (0.3ms)[0m   [0;1mCREATE UNIQUE INDEX "index_users_on_login" ON "users" ("login")[0m
  [4;35;1mSQL (0.1ms)[0m   [0mINSERT INTO schema_migrations (version) VALUES ('20120203153032')[0m
Migrating to CreateTenants (20120203153127)
  [4;36;1mSQL (0.3ms)[0m   [0;1mCREATE TABLE "tenants" ("id" INTEGER PRIMARY KEY AUTOINCREMENT NOT NULL, "first_name" varchar(255) NOT NULL, "last_name" varchar(255) NOT NULL, "ssn_last_fours" varchar(255), "created_at" datetime, "updated_at" datetime) [0m
  [4;35;1mSQL (0.1ms)[0m   [0mINSERT INTO schema_migrations (version) VALUES ('20120203153127')[0m
Migrating to CreateProperties (20120203153138)
  [4;36;1mSQL (0.3ms)[0m   [0;1mCREATE TABLE "properties" ("id" INTEGER PRIMARY KEY AUTOINCREMENT NOT NULL, "user_id" integer NOT NULL, "name" varchar(255) NOT NULL, "code" varchar(255), "address" varchar(255), "created_at" datetime, "updated_at" datetime) [0m
  [4;35;1mSQL (0.0ms)[0m   [0mPRAGMA index_list("properties")[0m
  [4;36;1mSQL (0.1ms)[0m   [0;1mCREATE INDEX "index_properties_on_user_id" ON "properties" ("user_id")[0m
  [4;35;1mSQL (0.1ms)[0m   [0mPRAGMA index_list("properties")[0m
  [4;36;1mSQL (0.0ms)[0m   [0;1mPRAGMA index_info('index_properties_on_user_id')[0m
  [4;35;1mSQL (0.3ms)[0m   [0mCREATE UNIQUE INDEX "index_properties_on_user_id_and_name" ON "properties" ("user_id", "name")[0m
  [4;36;1mSQL (0.1ms)[0m   [0;1mPRAGMA index_list("properties")[0m
  [4;35;1mSQL (0.1ms)[0m   [0mPRAGMA index_info('index_properties_on_user_id_and_name')[0m
  [4;36;1mSQL (0.0ms)[0m   [0;1mPRAGMA index_info('index_properties_on_user_id')[0m
  [4;35;1mSQL (0.1ms)[0m   [0mCREATE UNIQUE INDEX "index_properties_on_user_id_and_code" ON "properties" ("user_id", "code")[0m
  [4;36;1mSQL (0.1ms)[0m   [0;1mINSERT INTO schema_migrations (version) VALUES ('20120203153138')[0m
Migrating to CreateRatings (20120203153508)
  [4;35;1mSQL (0.4ms)[0m   [0mCREATE TABLE "ratings" ("id" INTEGER PRIMARY KEY AUTOINCREMENT NOT NULL, "user_id" integer NOT NULL, "tenant_id" integer NOT NULL, "property_id" integer NOT NULL, "rental_start" date, "rental_end" date, "pay_on_time" boolean DEFAULT 't' NOT NULL, "pets" boolean DEFAULT 'f' NOT NULL, "followed_rules" boolean DEFAULT 't' NOT NULL, "gave_proper_notice" boolean DEFAULT 't' NOT NULL, "leave_on_time" boolean DEFAULT 't' NOT NULL, "owe_money" boolean DEFAULT 't' NOT NULL, "overall_rating" integer, "deposits_returned" boolean, "smoking" boolean, "evicted" boolean, "would_rent_again" boolean, "created_at" datetime, "updated_at" datetime) [0m
  [4;36;1mSQL (0.1ms)[0m   [0;1mINSERT INTO schema_migrations (version) VALUES ('20120203153508')[0m
Migrating to CreateTelephoneNumbers (20120203172100)
  [4;35;1mSQL (0.3ms)[0m   [0mCREATE TABLE "telephone_numbers" ("id" INTEGER PRIMARY KEY AUTOINCREMENT NOT NULL, "tenant_id" integer NOT NULL, "number" varchar(255) NOT NULL, "created_at" datetime, "updated_at" datetime) [0m
  [4;36;1mSQL (0.1ms)[0m   [0;1mPRAGMA index_list("telephone_numbers")[0m
  [4;35;1mSQL (0.1ms)[0m   [0mCREATE INDEX "index_telephone_numbers_on_tenant_id" ON "telephone_numbers" ("tenant_id")[0m
  [4;36;1mSQL (0.1ms)[0m   [0;1mPRAGMA index_list("telephone_numbers")[0m
  [4;35;1mSQL (0.1ms)[0m   [0mPRAGMA index_info('index_telephone_numbers_on_tenant_id')[0m
  [4;36;1mSQL (0.1ms)[0m   [0;1mCREATE INDEX "index_telephone_numbers_on_number" ON "telephone_numbers" ("number")[0m
  [4;35;1mSQL (0.1ms)[0m   [0mINSERT INTO schema_migrations (version) VALUES ('20120203172100')[0m
Migrating to CreateAddresses (20120203172107)
  [4;36;1mSQL (0.3ms)[0m   [0;1mCREATE TABLE "addresses" ("id" INTEGER PRIMARY KEY AUTOINCREMENT NOT NULL, "tenant_id" integer NOT NULL, "address_1" varchar(255) NOT NULL, "address_2" varchar(255), "city" varchar(255) NOT NULL, "state" varchar(255) NOT NULL, "postal" varchar(255) NOT NULL, "country" varchar(255) DEFAULT 'United States of America', "created_at" datetime, "updated_at" datetime) [0m
  [4;35;1mSQL (0.1ms)[0m   [0mPRAGMA index_list("addresses")[0m
  [4;36;1mSQL (0.1ms)[0m   [0;1mCREATE INDEX "index_addresses_on_tenant_id" ON "addresses" ("tenant_id")[0m
  [4;35;1mSQL (0.1ms)[0m   [0mPRAGMA index_list("addresses")[0m
  [4;36;1mSQL (0.1ms)[0m   [0;1mPRAGMA index_info('index_addresses_on_tenant_id')[0m
  [4;35;1mSQL (0.1ms)[0m   [0mCREATE INDEX "index_addresses_on_address_1_and_state" ON "addresses" ("address_1", "state")[0m
  [4;36;1mSQL (0.1ms)[0m   [0;1mINSERT INTO schema_migrations (version) VALUES ('20120203172107')[0m
Migrating to CreateIdCardNumbers (20120203172116)
  [4;35;1mSQL (0.3ms)[0m   [0mCREATE TABLE "id_card_numbers" ("id" INTEGER PRIMARY KEY AUTOINCREMENT NOT NULL, "tenant_id" integer NOT NULL, "state" varchar(255) NOT NULL, "type" varchar(255) NOT NULL, "number" varchar(255) NOT NULL, "created_at" datetime, "updated_at" datetime) [0m
  [4;36;1mSQL (0.0ms)[0m   [0;1mPRAGMA index_list("id_card_numbers")[0m
  [4;35;1mSQL (0.1ms)[0m   [0mCREATE INDEX "index_id_card_numbers_on_tenant_id" ON "id_card_numbers" ("tenant_id")[0m
  [4;36;1mSQL (0.1ms)[0m   [0;1mPRAGMA index_list("id_card_numbers")[0m
  [4;35;1mSQL (0.0ms)[0m   [0mPRAGMA index_info('index_id_card_numbers_on_tenant_id')[0m
  [4;36;1mSQL (0.3ms)[0m   [0;1mCREATE UNIQUE INDEX "index_id_card_numbers_on_tenant_id_and_state_and_type_and_number" ON "id_card_numbers" ("tenant_id", "state", "type", "number")[0m
  [4;35;1mSQL (0.1ms)[0m   [0mINSERT INTO schema_migrations (version) VALUES ('20120203172116')[0m
  [4;36;1mSQL (0.2ms)[0m   [0;1m SELECT name
 FROM sqlite_master
 WHERE type = 'table' AND NOT name = 'sqlite_sequence'
[0m
  [4;35;1mSQL (0.1ms)[0m   [0mSELECT version FROM schema_migrations[0m
  [4;36;1mSQL (0.1ms)[0m   [0;1m SELECT name
 FROM sqlite_master
 WHERE type = 'table' AND NOT name = 'sqlite_sequence'
[0m
  [4;35;1mSQL (0.1ms)[0m   [0mPRAGMA index_list("addresses")[0m
  [4;36;1mSQL (0.1ms)[0m   [0;1mPRAGMA index_info('index_addresses_on_address_1_and_state')[0m
  [4;35;1mSQL (0.0ms)[0m   [0mPRAGMA index_info('index_addresses_on_tenant_id')[0m
  [4;36;1mSQL (0.1ms)[0m   [0;1mPRAGMA index_list("id_card_numbers")[0m
  [4;35;1mSQL (0.1ms)[0m   [0mPRAGMA index_info('index_id_card_numbers_on_tenant_id_and_state_and_type_and_number')[0m
  [4;36;1mSQL (0.0ms)[0m   [0;1mPRAGMA index_info('index_id_card_numbers_on_tenant_id')[0m
  [4;35;1mSQL (0.1ms)[0m   [0mPRAGMA index_list("properties")[0m
  [4;36;1mSQL (0.1ms)[0m   [0;1mPRAGMA index_info('index_properties_on_user_id_and_code')[0m
  [4;35;1mSQL (0.1ms)[0m   [0mPRAGMA index_info('index_properties_on_user_id_and_name')[0m
  [4;36;1mSQL (0.1ms)[0m   [0;1mPRAGMA index_info('index_properties_on_user_id')[0m
  [4;35;1mSQL (0.0ms)[0m   [0mPRAGMA index_list("ratings")[0m
  [4;36;1mSQL (0.1ms)[0m   [0;1mPRAGMA index_list("telephone_numbers")[0m
  [4;35;1mSQL (0.0ms)[0m   [0mPRAGMA index_info('index_telephone_numbers_on_number')[0m
  [4;36;1mSQL (0.0ms)[0m   [0;1mPRAGMA index_info('index_telephone_numbers_on_tenant_id')[0m
  [4;35;1mSQL (0.0ms)[0m   [0mPRAGMA index_list("tenants")[0m
  [4;36;1mSQL (0.0ms)[0m   [0;1mPRAGMA index_list("users")[0m
  [4;35;1mSQL (0.0ms)[0m   [0mPRAGMA index_info('index_users_on_login')[0m


Processing ApplicationController#index (for 127.0.0.1 at 2012-02-03 10:35:33) [GET]

ActionController::RoutingError (No route matches "/" with {:method=>:get}):
  /System/Library/Frameworks/Ruby.framework/Versions/1.8/usr/lib/ruby/1.8/webrick/httpserver.rb:104:in `service'
  /System/Library/Frameworks/Ruby.framework/Versions/1.8/usr/lib/ruby/1.8/webrick/httpserver.rb:65:in `run'
  /System/Library/Frameworks/Ruby.framework/Versions/1.8/usr/lib/ruby/1.8/webrick/server.rb:173:in `start_thread'
  /System/Library/Frameworks/Ruby.framework/Versions/1.8/usr/lib/ruby/1.8/webrick/server.rb:162:in `start'
  /System/Library/Frameworks/Ruby.framework/Versions/1.8/usr/lib/ruby/1.8/webrick/server.rb:162:in `start_thread'
  /System/Library/Frameworks/Ruby.framework/Versions/1.8/usr/lib/ruby/1.8/webrick/server.rb:95:in `start'
  /System/Library/Frameworks/Ruby.framework/Versions/1.8/usr/lib/ruby/1.8/webrick/server.rb:92:in `each'
  /System/Library/Frameworks/Ruby.framework/Versions/1.8/usr/lib/ruby/1.8/webrick/server.rb:92:in `start'
  /System/Library/Frameworks/Ruby.framework/Versions/1.8/usr/lib/ruby/1.8/webrick/server.rb:23:in `start'
  /System/Library/Frameworks/Ruby.framework/Versions/1.8/usr/lib/ruby/1.8/webrick/server.rb:82:in `start'

Rendering rescues/layout (not_found)


Processing HomeController#index (for 127.0.0.1 at 2012-02-03 10:35:59) [GET]
Rendering home/index
Completed in 5ms (View: 3, DB: 0) | 200 OK [http://localhost/]


Processing HomeController#index (for 127.0.0.1 at 2012-02-03 10:38:44) [GET]
Rendering template within layouts/application
Rendering home/index
Completed in 7ms (View: 6, DB: 0) | 200 OK [http://localhost/]


Processing HomeController#index (for 127.0.0.1 at 2012-02-03 10:41:54) [GET]
Rendering template within layouts/application
Rendering home/index
Completed in 8ms (View: 6, DB: 0) | 200 OK [http://localhost/]


Processing HomeController#index (for 127.0.0.1 at 2012-02-03 10:42:02) [GET]
Rendering template within layouts/application
Rendering home/index
Completed in 44ms (View: 6, DB: 0) | 200 OK [http://localhost/]


Processing HomeController#index (for 127.0.0.1 at 2012-02-03 10:42:26) [GET]
Rendering template within layouts/application
Rendering home/index
Completed in 2ms (View: 1, DB: 0) | 200 OK [http://localhost/]


Processing HomeController#index (for 127.0.0.1 at 2012-02-03 10:42:43) [GET]
Rendering template within layouts/application
Rendering home/index
Completed in 2ms (View: 1, DB: 0) | 200 OK [http://localhost/]


Processing HomeController#index (for 127.0.0.1 at 2012-02-03 10:43:06) [GET]
Rendering template within layouts/application
Rendering home/index
Completed in 2ms (View: 1, DB: 0) | 200 OK [http://localhost/]


Processing HomeController#index (for 127.0.0.1 at 2012-02-03 10:43:17) [GET]
Rendering template within layouts/application
Rendering home/index
Completed in 2ms (View: 1, DB: 0) | 200 OK [http://localhost/]


Processing HomeController#index (for 127.0.0.1 at 2012-02-03 10:43:54) [GET]
Rendering template within layouts/application
Rendering home/index
Completed in 7ms (View: 6, DB: 0) | 200 OK [http://localhost/]


Processing HomeController#index (for 127.0.0.1 at 2012-02-03 10:47:36) [GET]
Rendering template within layouts/application
Rendering home/index

ActionView::TemplateError (undefined method `logged_in?' for #<ActionView::Base:0x10a44c978>) on line #14 of app/views/layouts/application.haml:
11: 		#header
12: 			.header
13: 				Ugly header -
14: 				- if logged_in?
15: 					Hello #{current_user.login}
16: 				- else
17: 					= link_to 'Sign up', signup_page

    app/views/layouts/application.haml:14:in `_run_haml_app47views47layouts47application46haml'
    haml (3.1.3) rails/./lib/haml/helpers/action_view_mods.rb:13:in `render'
    haml (3.1.3) rails/./lib/haml/helpers/action_view_mods.rb:13:in `render'
    /System/Library/Frameworks/Ruby.framework/Versions/1.8/usr/lib/ruby/1.8/webrick/httpserver.rb:104:in `service'
    /System/Library/Frameworks/Ruby.framework/Versions/1.8/usr/lib/ruby/1.8/webrick/httpserver.rb:65:in `run'
    /System/Library/Frameworks/Ruby.framework/Versions/1.8/usr/lib/ruby/1.8/webrick/server.rb:173:in `start_thread'
    /System/Library/Frameworks/Ruby.framework/Versions/1.8/usr/lib/ruby/1.8/webrick/server.rb:162:in `start'
    /System/Library/Frameworks/Ruby.framework/Versions/1.8/usr/lib/ruby/1.8/webrick/server.rb:162:in `start_thread'
    /System/Library/Frameworks/Ruby.framework/Versions/1.8/usr/lib/ruby/1.8/webrick/server.rb:95:in `start'
    /System/Library/Frameworks/Ruby.framework/Versions/1.8/usr/lib/ruby/1.8/webrick/server.rb:92:in `each'
    /System/Library/Frameworks/Ruby.framework/Versions/1.8/usr/lib/ruby/1.8/webrick/server.rb:92:in `start'
    /System/Library/Frameworks/Ruby.framework/Versions/1.8/usr/lib/ruby/1.8/webrick/server.rb:23:in `start'
    /System/Library/Frameworks/Ruby.framework/Versions/1.8/usr/lib/ruby/1.8/webrick/server.rb:82:in `start'

Rendered rescues/_trace (29.8ms)
Rendered rescues/_request_and_response (0.9ms)
Rendering rescues/layout (internal_server_error)


Processing HomeController#index (for 127.0.0.1 at 2012-02-03 10:48:31) [GET]
Rendering template within layouts/application
Rendering home/index

ActionView::TemplateError (undefined local variable or method `signup_page' for #<ActionView::Base:0x10a53ccc0>) on line #17 of app/views/layouts/application.haml:
14: 				- if logged_in?
15: 					Hello #{current_user.login}
16: 				- else
17: 					= link_to 'Sign up', signup_page
18: 					\-
19: 					= link_to 'Sign in', new_session_page
20: 

    app/views/layouts/application.haml:17:in `_run_haml_app47views47layouts47application46haml'
    haml (3.1.3) rails/./lib/haml/helpers/action_view_mods.rb:13:in `render'
    haml (3.1.3) rails/./lib/haml/helpers/action_view_mods.rb:13:in `render'
    /System/Library/Frameworks/Ruby.framework/Versions/1.8/usr/lib/ruby/1.8/webrick/httpserver.rb:104:in `service'
    /System/Library/Frameworks/Ruby.framework/Versions/1.8/usr/lib/ruby/1.8/webrick/httpserver.rb:65:in `run'
    /System/Library/Frameworks/Ruby.framework/Versions/1.8/usr/lib/ruby/1.8/webrick/server.rb:173:in `start_thread'
    /System/Library/Frameworks/Ruby.framework/Versions/1.8/usr/lib/ruby/1.8/webrick/server.rb:162:in `start'
    /System/Library/Frameworks/Ruby.framework/Versions/1.8/usr/lib/ruby/1.8/webrick/server.rb:162:in `start_thread'
    /System/Library/Frameworks/Ruby.framework/Versions/1.8/usr/lib/ruby/1.8/webrick/server.rb:95:in `start'
    /System/Library/Frameworks/Ruby.framework/Versions/1.8/usr/lib/ruby/1.8/webrick/server.rb:92:in `each'
    /System/Library/Frameworks/Ruby.framework/Versions/1.8/usr/lib/ruby/1.8/webrick/server.rb:92:in `start'
    /System/Library/Frameworks/Ruby.framework/Versions/1.8/usr/lib/ruby/1.8/webrick/server.rb:23:in `start'
    /System/Library/Frameworks/Ruby.framework/Versions/1.8/usr/lib/ruby/1.8/webrick/server.rb:82:in `start'

Rendered rescues/_trace (28.2ms)
Rendered rescues/_request_and_response (0.2ms)
Rendering rescues/layout (internal_server_error)


Processing HomeController#index (for 127.0.0.1 at 2012-02-03 10:48:42) [GET]
Rendering template within layouts/application
Rendering home/index

ActionView::TemplateError (undefined local variable or method `new_session_page' for #<ActionView::Base:0x10a768468>) on line #19 of app/views/layouts/application.haml:
16: 				- else
17: 					= link_to 'Sign up', signup_path
18: 					\-
19: 					= link_to 'Sign in', new_session_page
20: 
21: 		#content
22: 			.content

    app/views/layouts/application.haml:19:in `_run_haml_app47views47layouts47application46haml'
    haml (3.1.3) rails/./lib/haml/helpers/action_view_mods.rb:13:in `render'
    haml (3.1.3) rails/./lib/haml/helpers/action_view_mods.rb:13:in `render'
    /System/Library/Frameworks/Ruby.framework/Versions/1.8/usr/lib/ruby/1.8/webrick/httpserver.rb:104:in `service'
    /System/Library/Frameworks/Ruby.framework/Versions/1.8/usr/lib/ruby/1.8/webrick/httpserver.rb:65:in `run'
    /System/Library/Frameworks/Ruby.framework/Versions/1.8/usr/lib/ruby/1.8/webrick/server.rb:173:in `start_thread'
    /System/Library/Frameworks/Ruby.framework/Versions/1.8/usr/lib/ruby/1.8/webrick/server.rb:162:in `start'
    /System/Library/Frameworks/Ruby.framework/Versions/1.8/usr/lib/ruby/1.8/webrick/server.rb:162:in `start_thread'
    /System/Library/Frameworks/Ruby.framework/Versions/1.8/usr/lib/ruby/1.8/webrick/server.rb:95:in `start'
    /System/Library/Frameworks/Ruby.framework/Versions/1.8/usr/lib/ruby/1.8/webrick/server.rb:92:in `each'
    /System/Library/Frameworks/Ruby.framework/Versions/1.8/usr/lib/ruby/1.8/webrick/server.rb:92:in `start'
    /System/Library/Frameworks/Ruby.framework/Versions/1.8/usr/lib/ruby/1.8/webrick/server.rb:23:in `start'
    /System/Library/Frameworks/Ruby.framework/Versions/1.8/usr/lib/ruby/1.8/webrick/server.rb:82:in `start'

Rendered rescues/_trace (28.5ms)
Rendered rescues/_request_and_response (0.2ms)
Rendering rescues/layout (internal_server_error)


Processing HomeController#index (for 127.0.0.1 at 2012-02-03 10:48:50) [GET]
Rendering template within layouts/application
Rendering home/index
Completed in 7ms (View: 6, DB: 0) | 200 OK [http://localhost/]


Processing SessionsController#new (for 127.0.0.1 at 2012-02-03 10:48:55) [GET]
Rendering template within layouts/application
Rendering sessions/new
Completed in 56ms (View: 55, DB: 0) | 200 OK [http://localhost/session/new]


Processing UsersController#new (for 127.0.0.1 at 2012-02-03 10:48:56) [GET]
Rendering template within layouts/application
Rendering users/new
Completed in 24ms (View: 9, DB: 0) | 200 OK [http://localhost/signup]


Processing UsersController#create (for 127.0.0.1 at 2012-02-03 10:51:22) [POST]
  Parameters: {"commit"=>"Sign up", "authenticity_token"=>"2JAoFQ+F+rDpFY9hqy4jWFL41yaUKve5MY40swhgSQ4=", "user"=>{"password_confirmation"=>"Lenny", "password"=>"Lenny", "login"=>"xunker", "email"=>"xunker@pyxidis.org"}}
  [4;36;1mUser Load (0.1ms)[0m   [0;1mSELECT "users".id FROM "users" WHERE ("users"."login" = 'xunker') LIMIT 1[0m
  [4;35;1mUser Load (0.1ms)[0m   [0mSELECT "users".id FROM "users" WHERE ("users"."email" = 'xunker@pyxidis.org') LIMIT 1[0m
Rendering template within layouts/application
Rendering users/new
Completed in 15ms (View: 6, DB: 0) | 200 OK [http://localhost/users]


Processing UsersController#create (for 127.0.0.1 at 2012-02-03 10:51:31) [POST]
  Parameters: {"commit"=>"Sign up", "authenticity_token"=>"2JAoFQ+F+rDpFY9hqy4jWFL41yaUKve5MY40swhgSQ4=", "user"=>{"password_confirmation"=>"password", "password"=>"password", "login"=>"xunker", "email"=>"xunker@pyxidis.org"}}
  [4;36;1mUser Load (0.1ms)[0m   [0;1mSELECT "users".id FROM "users" WHERE ("users"."login" = 'xunker') LIMIT 1[0m
  [4;35;1mUser Load (0.1ms)[0m   [0mSELECT "users".id FROM "users" WHERE ("users"."email" = 'xunker@pyxidis.org') LIMIT 1[0m
  [4;36;1mUser Create (0.3ms)[0m   [0;1mINSERT INTO "users" ("name", "salt", "created_at", "crypted_password", "remember_token_expires_at", "updated_at", "admin", "remember_token", "login", "email") VALUES('', '7c0273929fee11e426df6ffa5112e8fc2ccbad80', '2012-02-03 17:51:31', '6b684bd9b8ec95749da20da141ca8cc216a05bd6', NULL, '2012-02-03 17:51:31', 'f', NULL, 'xunker', 'xunker@pyxidis.org')[0m
Redirected to http://localhost:3000/
Completed in 12ms (DB: 0) | 302 Found [http://localhost/users]


Processing HomeController#index (for 127.0.0.1 at 2012-02-03 10:51:31) [GET]
Rendering template within layouts/application
Rendering home/index
  [4;35;1mUser Load (0.1ms)[0m   [0mSELECT * FROM "users" WHERE ("users"."id" = 1) LIMIT 1[0m
Completed in 9ms (View: 8, DB: 0) | 200 OK [http://localhost/]


Processing HomeController#index (for 127.0.0.1 at 2012-02-03 10:52:51) [GET]
Rendering template within layouts/application
Rendering home/index
  [4;36;1mUser Load (0.2ms)[0m   [0;1mSELECT * FROM "users" WHERE ("users"."id" = 1) LIMIT 1[0m
Completed in 15ms (View: 14, DB: 0) | 200 OK [http://localhost/]


Processing SessionsController#destroy (for 127.0.0.1 at 2012-02-03 10:52:54) [GET]
Redirected to http://localhost:3000/
Completed in 6ms (DB: 0) | 302 Found [http://localhost/logout]


Processing HomeController#index (for 127.0.0.1 at 2012-02-03 10:52:54) [GET]
Rendering template within layouts/application
Rendering home/index
Completed in 2ms (View: 1, DB: 0) | 200 OK [http://localhost/]


Processing SessionsController#new (for 127.0.0.1 at 2012-02-03 10:52:57) [GET]
Rendering template within layouts/application
Rendering sessions/new
Completed in 3ms (View: 2, DB: 0) | 200 OK [http://localhost/session/new]


Processing SessionsController#create (for 127.0.0.1 at 2012-02-03 10:53:00) [POST]
  Parameters: {"commit"=>"Log in", "authenticity_token"=>"jzLSEM/YM+4ROKJZLQNB+1FLPuRhGQ6B4siZhuvWG90=", "login"=>"xunker", "password"=>"password"}
  [4;35;1mUser Load (0.2ms)[0m   [0mSELECT * FROM "users" WHERE ("users"."login" = 'xunker') LIMIT 1[0m
Redirected to http://localhost:3000/
Completed in 9ms (DB: 0) | 302 Found [http://localhost/session]


Processing HomeController#index (for 127.0.0.1 at 2012-02-03 10:53:00) [GET]
Rendering template within layouts/application
Rendering home/index
  [4;36;1mUser Load (0.1ms)[0m   [0;1mSELECT * FROM "users" WHERE ("users"."id" = 1) LIMIT 1[0m
Completed in 9ms (View: 8, DB: 0) | 200 OK [http://localhost/]


Processing HomeController#index (for 127.0.0.1 at 2012-02-03 11:04:07) [GET]
Rendering template within layouts/application
Rendering home/index
  [4;35;1mUser Load (0.1ms)[0m   [0mSELECT * FROM "users" WHERE ("users"."id" = 1) LIMIT 1[0m

ActionView::TemplateError (tenant_search_url failed to generate from {:action=>"show", :controller=>"searches"} - you may have ambiguous routes, or you may need to supply additional parameters for this route.  content_url has the following required parameters: ["tenants", :tenant_id, "search"] - are they all satisfied?) on line #16 of app/views/layouts/application.haml:
13: 				Ugly header -
14: 				- if logged_in?
15: 					Hello #{current_user.login} -
16: 					= link_to "Search for a tenant", tenant_search_path
17: 					\-
18: 					= link_to "Review a Tenant", new_review_path
19: 					\-

    (eval):21:in `tenant_search_path'
    app/views/layouts/application.haml:16:in `_run_haml_app47views47layouts47application46haml'
    haml (3.1.3) rails/./lib/haml/helpers/action_view_mods.rb:13:in `render'
    haml (3.1.3) rails/./lib/haml/helpers/action_view_mods.rb:13:in `render'
    /System/Library/Frameworks/Ruby.framework/Versions/1.8/usr/lib/ruby/1.8/webrick/httpserver.rb:104:in `service'
    /System/Library/Frameworks/Ruby.framework/Versions/1.8/usr/lib/ruby/1.8/webrick/httpserver.rb:65:in `run'
    /System/Library/Frameworks/Ruby.framework/Versions/1.8/usr/lib/ruby/1.8/webrick/server.rb:173:in `start_thread'
    /System/Library/Frameworks/Ruby.framework/Versions/1.8/usr/lib/ruby/1.8/webrick/server.rb:162:in `start'
    /System/Library/Frameworks/Ruby.framework/Versions/1.8/usr/lib/ruby/1.8/webrick/server.rb:162:in `start_thread'
    /System/Library/Frameworks/Ruby.framework/Versions/1.8/usr/lib/ruby/1.8/webrick/server.rb:95:in `start'
    /System/Library/Frameworks/Ruby.framework/Versions/1.8/usr/lib/ruby/1.8/webrick/server.rb:92:in `each'
    /System/Library/Frameworks/Ruby.framework/Versions/1.8/usr/lib/ruby/1.8/webrick/server.rb:92:in `start'
    /System/Library/Frameworks/Ruby.framework/Versions/1.8/usr/lib/ruby/1.8/webrick/server.rb:23:in `start'
    /System/Library/Frameworks/Ruby.framework/Versions/1.8/usr/lib/ruby/1.8/webrick/server.rb:82:in `start'

Rendered rescues/_trace (30.4ms)
Rendered rescues/_request_and_response (0.2ms)
Rendering rescues/layout (internal_server_error)


Processing HomeController#index (for 127.0.0.1 at 2012-02-03 11:05:36) [GET]
Rendering template within layouts/application
Rendering home/index
  [4;36;1mUser Load (0.2ms)[0m   [0;1mSELECT * FROM "users" WHERE ("users"."id" = 1) LIMIT 1[0m

ActionView::TemplateError (tenant_search_url failed to generate from {:action=>"show", :controller=>"searches"} - you may have ambiguous routes, or you may need to supply additional parameters for this route.  content_url has the following required parameters: ["tenants", :tenant_id, "search"] - are they all satisfied?) on line #16 of app/views/layouts/application.haml:
13: 				Ugly header -
14: 				- if logged_in?
15: 					Hello #{current_user.login} -
16: 					= link_to "Search for a tenant", tenant_search_path
17: 					\-
18: 					= link_to "Review a Tenant", new_review_path
19: 					\-

    (eval):21:in `tenant_search_path'
    app/views/layouts/application.haml:16:in `_run_haml_app47views47layouts47application46haml'
    haml (3.1.3) rails/./lib/haml/helpers/action_view_mods.rb:13:in `render'
    haml (3.1.3) rails/./lib/haml/helpers/action_view_mods.rb:13:in `render'
    /System/Library/Frameworks/Ruby.framework/Versions/1.8/usr/lib/ruby/1.8/webrick/httpserver.rb:104:in `service'
    /System/Library/Frameworks/Ruby.framework/Versions/1.8/usr/lib/ruby/1.8/webrick/httpserver.rb:65:in `run'
    /System/Library/Frameworks/Ruby.framework/Versions/1.8/usr/lib/ruby/1.8/webrick/server.rb:173:in `start_thread'
    /System/Library/Frameworks/Ruby.framework/Versions/1.8/usr/lib/ruby/1.8/webrick/server.rb:162:in `start'
    /System/Library/Frameworks/Ruby.framework/Versions/1.8/usr/lib/ruby/1.8/webrick/server.rb:162:in `start_thread'
    /System/Library/Frameworks/Ruby.framework/Versions/1.8/usr/lib/ruby/1.8/webrick/server.rb:95:in `start'
    /System/Library/Frameworks/Ruby.framework/Versions/1.8/usr/lib/ruby/1.8/webrick/server.rb:92:in `each'
    /System/Library/Frameworks/Ruby.framework/Versions/1.8/usr/lib/ruby/1.8/webrick/server.rb:92:in `start'
    /System/Library/Frameworks/Ruby.framework/Versions/1.8/usr/lib/ruby/1.8/webrick/server.rb:23:in `start'
    /System/Library/Frameworks/Ruby.framework/Versions/1.8/usr/lib/ruby/1.8/webrick/server.rb:82:in `start'

Rendered rescues/_trace (29.9ms)
Rendered rescues/_request_and_response (0.9ms)
Rendering rescues/layout (internal_server_error)


Processing HomeController#index (for 127.0.0.1 at 2012-02-03 11:05:40) [GET]
Rendering template within layouts/application
Rendering home/index
  [4;35;1mUser Load (0.2ms)[0m   [0mSELECT * FROM "users" WHERE ("users"."id" = 1) LIMIT 1[0m

ActionView::TemplateError (tenant_search_url failed to generate from {:action=>"show", :controller=>"searches"} - you may have ambiguous routes, or you may need to supply additional parameters for this route.  content_url has the following required parameters: ["tenants", :tenant_id, "search"] - are they all satisfied?) on line #16 of app/views/layouts/application.haml:
13: 				Ugly header -
14: 				- if logged_in?
15: 					Hello #{current_user.login} -
16: 					= link_to "Search for a tenant", tenant_search_path
17: 					\-
18: 					= link_to "Review a Tenant", new_review_path
19: 					\-

    (eval):21:in `tenant_search_path'
    app/views/layouts/application.haml:16:in `_run_haml_app47views47layouts47application46haml'
    haml (3.1.3) rails/./lib/haml/helpers/action_view_mods.rb:13:in `render'
    haml (3.1.3) rails/./lib/haml/helpers/action_view_mods.rb:13:in `render'
    /System/Library/Frameworks/Ruby.framework/Versions/1.8/usr/lib/ruby/1.8/webrick/httpserver.rb:104:in `service'
    /System/Library/Frameworks/Ruby.framework/Versions/1.8/usr/lib/ruby/1.8/webrick/httpserver.rb:65:in `run'
    /System/Library/Frameworks/Ruby.framework/Versions/1.8/usr/lib/ruby/1.8/webrick/server.rb:173:in `start_thread'
    /System/Library/Frameworks/Ruby.framework/Versions/1.8/usr/lib/ruby/1.8/webrick/server.rb:162:in `start'
    /System/Library/Frameworks/Ruby.framework/Versions/1.8/usr/lib/ruby/1.8/webrick/server.rb:162:in `start_thread'
    /System/Library/Frameworks/Ruby.framework/Versions/1.8/usr/lib/ruby/1.8/webrick/server.rb:95:in `start'
    /System/Library/Frameworks/Ruby.framework/Versions/1.8/usr/lib/ruby/1.8/webrick/server.rb:92:in `each'
    /System/Library/Frameworks/Ruby.framework/Versions/1.8/usr/lib/ruby/1.8/webrick/server.rb:92:in `start'
    /System/Library/Frameworks/Ruby.framework/Versions/1.8/usr/lib/ruby/1.8/webrick/server.rb:23:in `start'
    /System/Library/Frameworks/Ruby.framework/Versions/1.8/usr/lib/ruby/1.8/webrick/server.rb:82:in `start'

Rendered rescues/_trace (76.7ms)
Rendered rescues/_request_and_response (0.2ms)
Rendering rescues/layout (internal_server_error)


Processing HomeController#index (for 127.0.0.1 at 2012-02-03 11:06:40) [GET]
Rendering template within layouts/application
Rendering home/index
  [4;36;1mUser Load (0.1ms)[0m   [0;1mSELECT * FROM "users" WHERE ("users"."id" = 1) LIMIT 1[0m

ActionView::TemplateError (tenant_search_url failed to generate from {:action=>"show", :controller=>"searches"} - you may have ambiguous routes, or you may need to supply additional parameters for this route.  content_url has the following required parameters: ["tenants", :tenant_id, "search"] - are they all satisfied?) on line #16 of app/views/layouts/application.haml:
13: 				Ugly header -
14: 				- if logged_in?
15: 					Hello #{current_user.login} -
16: 					= link_to "Search for a tenant", tenant_search_path
17: 					\-
18: 					= link_to "Review a Tenant", new_review_path
19: 					\-

    (eval):21:in `tenant_search_path'
    app/views/layouts/application.haml:16:in `_run_haml_app47views47layouts47application46haml'
    haml (3.1.3) rails/./lib/haml/helpers/action_view_mods.rb:13:in `render'
    haml (3.1.3) rails/./lib/haml/helpers/action_view_mods.rb:13:in `render'
    /System/Library/Frameworks/Ruby.framework/Versions/1.8/usr/lib/ruby/1.8/webrick/httpserver.rb:104:in `service'
    /System/Library/Frameworks/Ruby.framework/Versions/1.8/usr/lib/ruby/1.8/webrick/httpserver.rb:65:in `run'
    /System/Library/Frameworks/Ruby.framework/Versions/1.8/usr/lib/ruby/1.8/webrick/server.rb:173:in `start_thread'
    /System/Library/Frameworks/Ruby.framework/Versions/1.8/usr/lib/ruby/1.8/webrick/server.rb:162:in `start'
    /System/Library/Frameworks/Ruby.framework/Versions/1.8/usr/lib/ruby/1.8/webrick/server.rb:162:in `start_thread'
    /System/Library/Frameworks/Ruby.framework/Versions/1.8/usr/lib/ruby/1.8/webrick/server.rb:95:in `start'
    /System/Library/Frameworks/Ruby.framework/Versions/1.8/usr/lib/ruby/1.8/webrick/server.rb:92:in `each'
    /System/Library/Frameworks/Ruby.framework/Versions/1.8/usr/lib/ruby/1.8/webrick/server.rb:92:in `start'
    /System/Library/Frameworks/Ruby.framework/Versions/1.8/usr/lib/ruby/1.8/webrick/server.rb:23:in `start'
    /System/Library/Frameworks/Ruby.framework/Versions/1.8/usr/lib/ruby/1.8/webrick/server.rb:82:in `start'

Rendered rescues/_trace (37.2ms)
Rendered rescues/_request_and_response (0.9ms)
Rendering rescues/layout (internal_server_error)


Processing HomeController#index (for 127.0.0.1 at 2012-02-03 11:06:41) [GET]
Rendering template within layouts/application
Rendering home/index
  [4;35;1mUser Load (0.2ms)[0m   [0mSELECT * FROM "users" WHERE ("users"."id" = 1) LIMIT 1[0m

ActionView::TemplateError (tenant_search_url failed to generate from {:action=>"show", :controller=>"searches"} - you may have ambiguous routes, or you may need to supply additional parameters for this route.  content_url has the following required parameters: ["tenants", :tenant_id, "search"] - are they all satisfied?) on line #16 of app/views/layouts/application.haml:
13: 				Ugly header -
14: 				- if logged_in?
15: 					Hello #{current_user.login} -
16: 					= link_to "Search for a tenant", tenant_search_path
17: 					\-
18: 					= link_to "Review a Tenant", new_review_path
19: 					\-

    (eval):21:in `tenant_search_path'
    app/views/layouts/application.haml:16:in `_run_haml_app47views47layouts47application46haml'
    haml (3.1.3) rails/./lib/haml/helpers/action_view_mods.rb:13:in `render'
    haml (3.1.3) rails/./lib/haml/helpers/action_view_mods.rb:13:in `render'
    /System/Library/Frameworks/Ruby.framework/Versions/1.8/usr/lib/ruby/1.8/webrick/httpserver.rb:104:in `service'
    /System/Library/Frameworks/Ruby.framework/Versions/1.8/usr/lib/ruby/1.8/webrick/httpserver.rb:65:in `run'
    /System/Library/Frameworks/Ruby.framework/Versions/1.8/usr/lib/ruby/1.8/webrick/server.rb:173:in `start_thread'
    /System/Library/Frameworks/Ruby.framework/Versions/1.8/usr/lib/ruby/1.8/webrick/server.rb:162:in `start'
    /System/Library/Frameworks/Ruby.framework/Versions/1.8/usr/lib/ruby/1.8/webrick/server.rb:162:in `start_thread'
    /System/Library/Frameworks/Ruby.framework/Versions/1.8/usr/lib/ruby/1.8/webrick/server.rb:95:in `start'
    /System/Library/Frameworks/Ruby.framework/Versions/1.8/usr/lib/ruby/1.8/webrick/server.rb:92:in `each'
    /System/Library/Frameworks/Ruby.framework/Versions/1.8/usr/lib/ruby/1.8/webrick/server.rb:92:in `start'
    /System/Library/Frameworks/Ruby.framework/Versions/1.8/usr/lib/ruby/1.8/webrick/server.rb:23:in `start'
    /System/Library/Frameworks/Ruby.framework/Versions/1.8/usr/lib/ruby/1.8/webrick/server.rb:82:in `start'

Rendered rescues/_trace (73.6ms)
Rendered rescues/_request_and_response (0.2ms)
Rendering rescues/layout (internal_server_error)


Processing HomeController#index (for 127.0.0.1 at 2012-02-03 11:06:46) [GET]
Rendering template within layouts/application
Rendering home/index
  [4;36;1mUser Load (0.2ms)[0m   [0;1mSELECT * FROM "users" WHERE ("users"."id" = 1) LIMIT 1[0m

ActionView::TemplateError (tenant_search_url failed to generate from {:action=>"show", :controller=>"searches"} - you may have ambiguous routes, or you may need to supply additional parameters for this route.  content_url has the following required parameters: ["tenants", :tenant_id, "search"] - are they all satisfied?) on line #16 of app/views/layouts/application.haml:
13: 				Ugly header -
14: 				- if logged_in?
15: 					Hello #{current_user.login} -
16: 					= link_to "Search for a tenant", tenant_search_path
17: 					\-
18: 					= link_to "Review a Tenant", new_review_path
19: 					\-

    (eval):21:in `tenant_search_path'
    app/views/layouts/application.haml:16:in `_run_haml_app47views47layouts47application46haml'
    haml (3.1.3) rails/./lib/haml/helpers/action_view_mods.rb:13:in `render'
    haml (3.1.3) rails/./lib/haml/helpers/action_view_mods.rb:13:in `render'
    /System/Library/Frameworks/Ruby.framework/Versions/1.8/usr/lib/ruby/1.8/webrick/httpserver.rb:104:in `service'
    /System/Library/Frameworks/Ruby.framework/Versions/1.8/usr/lib/ruby/1.8/webrick/httpserver.rb:65:in `run'
    /System/Library/Frameworks/Ruby.framework/Versions/1.8/usr/lib/ruby/1.8/webrick/server.rb:173:in `start_thread'
    /System/Library/Frameworks/Ruby.framework/Versions/1.8/usr/lib/ruby/1.8/webrick/server.rb:162:in `start'
    /System/Library/Frameworks/Ruby.framework/Versions/1.8/usr/lib/ruby/1.8/webrick/server.rb:162:in `start_thread'
    /System/Library/Frameworks/Ruby.framework/Versions/1.8/usr/lib/ruby/1.8/webrick/server.rb:95:in `start'
    /System/Library/Frameworks/Ruby.framework/Versions/1.8/usr/lib/ruby/1.8/webrick/server.rb:92:in `each'
    /System/Library/Frameworks/Ruby.framework/Versions/1.8/usr/lib/ruby/1.8/webrick/server.rb:92:in `start'
    /System/Library/Frameworks/Ruby.framework/Versions/1.8/usr/lib/ruby/1.8/webrick/server.rb:23:in `start'
    /System/Library/Frameworks/Ruby.framework/Versions/1.8/usr/lib/ruby/1.8/webrick/server.rb:82:in `start'

Rendered rescues/_trace (74.0ms)
Rendered rescues/_request_and_response (0.2ms)
Rendering rescues/layout (internal_server_error)


Processing HomeController#index (for 127.0.0.1 at 2012-02-03 11:07:23) [GET]
Rendering template within layouts/application
Rendering home/index
  [4;35;1mUser Load (0.1ms)[0m   [0mSELECT * FROM "users" WHERE ("users"."id" = 1) LIMIT 1[0m
Completed in 17ms (View: 15, DB: 0) | 200 OK [http://localhost/]


Processing SessionsController#destroy (for 127.0.0.1 at 2012-02-03 11:16:36) [GET]
Redirected to http://localhost:3000/
Completed in 5ms (DB: 0) | 302 Found [http://localhost/logout]


Processing HomeController#index (for 127.0.0.1 at 2012-02-03 11:16:36) [GET]
Rendering template within layouts/application
Rendering home/index
Completed in 2ms (View: 1, DB: 0) | 200 OK [http://localhost/]


Processing SessionsController#new (for 127.0.0.1 at 2012-02-03 11:16:39) [GET]
Rendering template within layouts/application
Rendering sessions/new
Completed in 10ms (View: 9, DB: 0) | 200 OK [http://localhost/session/new]


Processing SessionsController#create (for 127.0.0.1 at 2012-02-03 11:16:40) [POST]
  Parameters: {"commit"=>"Log in", "authenticity_token"=>"i8OnGVeyjsvzccl6O8L4ajDKFQ/DBVOWCfAT6haLR+M=", "login"=>"xunker", "password"=>"password"}
  [4;36;1mUser Load (0.1ms)[0m   [0;1mSELECT * FROM "users" WHERE ("users"."login" = 'xunker') LIMIT 1[0m
Redirected to http://localhost:3000/
Completed in 9ms (DB: 0) | 302 Found [http://localhost/session]


Processing HomeController#index (for 127.0.0.1 at 2012-02-03 11:16:40) [GET]
Rendering template within layouts/application
Rendering home/index
  [4;35;1mUser Load (0.2ms)[0m   [0mSELECT * FROM "users" WHERE ("users"."id" = 1) LIMIT 1[0m
Completed in 9ms (View: 8, DB: 0) | 200 OK [http://localhost/]
